  Main.cpp
e:\users\kris\documents\college\fifth year onedrive\onedrive\fifth year - computers\cs7057 - real-time physics\assignments\code\real-time-physics-a1\a1\a1\Antons_maths_funcs.h(441): warning C4244: 'return': conversion from 'double' to 'float', possible loss of data
e:\users\kris\documents\college\fifth year onedrive\onedrive\fifth year - computers\cs7057 - real-time physics\assignments\code\real-time-physics-a1\a1\a1\Antons_maths_funcs.h(445): warning C4244: 'initializing': conversion from 'double' to 'float', possible loss of data
e:\users\kris\documents\college\fifth year onedrive\onedrive\fifth year - computers\cs7057 - real-time physics\assignments\code\real-time-physics-a1\a1\a1\Antons_maths_funcs.h(640): warning C4244: 'initializing': conversion from 'double' to 'float', possible loss of data
e:\users\kris\documents\college\fifth year onedrive\onedrive\fifth year - computers\cs7057 - real-time physics\assignments\code\real-time-physics-a1\a1\a1\Antons_maths_funcs.h(652): warning C4244: 'initializing': conversion from 'double' to 'float', possible loss of data
e:\users\kris\documents\college\fifth year onedrive\onedrive\fifth year - computers\cs7057 - real-time physics\assignments\code\real-time-physics-a1\a1\a1\Antons_maths_funcs.h(664): warning C4244: 'initializing': conversion from 'double' to 'float', possible loss of data
e:\users\kris\documents\college\fifth year onedrive\onedrive\fifth year - computers\cs7057 - real-time physics\assignments\code\real-time-physics-a1\a1\a1\Antons_maths_funcs.h(712): warning C4244: 'initializing': conversion from 'double' to 'float', possible loss of data
e:\users\kris\documents\college\fifth year onedrive\onedrive\fifth year - computers\cs7057 - real-time physics\assignments\code\real-time-physics-a1\a1\a1\Antons_maths_funcs.h(729): warning C4244: '=': conversion from 'double' to 'float', possible loss of data
e:\users\kris\documents\college\fifth year onedrive\onedrive\fifth year - computers\cs7057 - real-time physics\assignments\code\real-time-physics-a1\a1\a1\Antons_maths_funcs.h(730): warning C4244: '=': conversion from 'double' to 'float', possible loss of data
e:\users\kris\documents\college\fifth year onedrive\onedrive\fifth year - computers\cs7057 - real-time physics\assignments\code\real-time-physics-a1\a1\a1\Antons_maths_funcs.h(731): warning C4244: '=': conversion from 'double' to 'float', possible loss of data
e:\users\kris\documents\college\fifth year onedrive\onedrive\fifth year - computers\cs7057 - real-time physics\assignments\code\real-time-physics-a1\a1\a1\Antons_maths_funcs.h(732): warning C4244: '=': conversion from 'double' to 'float', possible loss of data
e:\users\kris\documents\college\fifth year onedrive\onedrive\fifth year - computers\cs7057 - real-time physics\assignments\code\real-time-physics-a1\a1\a1\Antons_maths_funcs.h(737): warning C4244: 'argument': conversion from 'double' to 'float', possible loss of data
e:\users\kris\documents\college\fifth year onedrive\onedrive\fifth year - computers\cs7057 - real-time physics\assignments\code\real-time-physics-a1\a1\a1\Camera.h(129): warning C4244: 'return': conversion from 'double' to 'GLfloat', possible loss of data
Main.cpp(276): warning C4244: 'initializing': conversion from 'double' to 'GLfloat', possible loss of data
Main.cpp(277): warning C4244: 'initializing': conversion from 'double' to 'GLfloat', possible loss of data
Main.cpp(278): warning C4244: 'initializing': conversion from 'double' to 'GLfloat', possible loss of data
Main.cpp(367): warning C4244: '=': conversion from 'int' to 'GLfloat', possible loss of data
Main.cpp(368): warning C4244: '=': conversion from 'int' to 'GLfloat', possible loss of data
Main.cpp(375): warning C4244: '=': conversion from 'int' to 'GLfloat', possible loss of data
Main.cpp(376): warning C4244: '=': conversion from 'int' to 'GLfloat', possible loss of data
Main.cpp(390): warning C4244: 'argument': conversion from 'time_t' to 'unsigned int', possible loss of data
  Generating code
  144 of 387 functions (37.2%) were compiled, the rest were copied from previous compilation.
    114 functions were new in current compilation
    10 functions had inline decision re-evaluated but remain unchanged
  Finished generating code
  A1.vcxproj -> E:\Users\Kris\Documents\College\Fifth Year OneDrive\OneDrive\Fifth Year - Computers\CS7057 - Real-Time Physics\Assignments\Code\Real-Time-Physics-A1\A1\Release\A1.exe
